<?xml version="1.0" encoding="UTF-8"?>
<!-- Generated by org.testng.reporters.JUnitReportReporter -->
<testsuite hostname="CPX-SJJHSRSSIFU" failures="0" tests="1" name="tudelft.gettingstarted.GettingStarted" time="0.020" errors="0" timestamp="02 Feb 2019 20:01:43 GMT" skipped="0">
  <testcase classname="tudelft.gettingstarted.GettingStarted" name="addFiveToZero" time="0.020"/>
</testsuite> <!-- tudelft.gettingstarted.GettingStarted -->
